This file contains any messages produced by compilers while
running configure, to aid debugging if configure makes a mistake.

It was created by giflib configure 5.0.6, which was
generated by GNU Autoconf 2.69.  Invocation command line was

  $ ./configure 

## --------- ##
## Platform. ##
## --------- ##

hostname = someguy-PC
uname -m = i686
uname -r = 1.0.18(0.48/3/2)
uname -s = MINGW32_NT-6.1
uname -v = 2012-11-21 22:34

/usr/bin/uname -p = unknown
/bin/uname -X     = unknown

/bin/arch              = unknown
/usr/bin/arch -k       = unknown
/usr/convex/getsysinfo = unknown
/usr/bin/hostinfo      = unknown
/bin/machine           = unknown
/usr/bin/oslevel       = unknown
/bin/universe          = unknown

PATH: .
PATH: /usr/local/bin
PATH: /mingw/bin
PATH: /bin
PATH: /c/Program Files (x86)/Intel/Compiler/11.1/048/lib/ia32
PATH: /c/Program Files (x86)/Common Files/Intel/Shared Libraries/redist/intel64/compiler
PATH: /c/Program Files (x86)/Common Files/Intel/Shared Libraries/redist/ia32/compiler
PATH: /c/Program Files (x86)/Intel/iCLS Client/
PATH: /c/Program Files/Intel/iCLS Client/
PATH: /c/Program Files (x86)/NVIDIA Corporation/PhysX/Common
PATH: /c/Windows/system32
PATH: /c/Windows
PATH: /c/Windows/System32/Wbem
PATH: /c/Windows/System32/WindowsPowerShell/v1.0/
PATH: /c/Program Files/Intel/Intel(R) Management Engine Components/DAL
PATH: /c/Program Files/Intel/Intel(R) Management Engine Components/IPT
PATH: /c/Program Files (x86)/Intel/Intel(R) Management Engine Components/DAL
PATH: /c/Program Files (x86)/Intel/Intel(R) Management Engine Components/IPT
PATH: /c/Program Files (x86)/Microsoft SQL Server/90/Tools/binn/
PATH: /d/Python27/
PATH: /d/projects/ejoy/coco-tools/tools/lua
PATH: /c/Program Files/Microsoft/Web Platform Installer/
PATH: /c/Program Files (x86)/Microsoft ASP.NET/ASP.NET Web Pages/v1.0/
PATH: /c/Program Files (x86)/Windows Kits/8.0/Windows Performance Toolkit/
PATH: /c/Program Files/Microsoft SQL Server/110/Tools/Binn/
PATH: /d/Program Files (x86)/CodeAndWeb/TexturePacker/bin
PATH: /d/Program Files (x86)/Bitvise SSH Client
PATH: /d/Program Files/Java/jdk1.7.0_45/bin
PATH: /d/android/android-sdks/tools
PATH: /c/Program Files/TortoiseSVN/bin
PATH: /c/Program Files (x86)/ARM/Mali Developer Tools/Mali Texture Compression Tool v4.0.1/bin/
PATH: /d/android/android-ndk-r9b
PATH: /d/android/android-sdks/platform-tools
PATH: /d/Program Files (x86)/CodeAndWeb/TexturePacker/bin
PATH: /d/Program Files/Java/jdk1.7.0_45/bin
PATH: /d/other projects/apache-ant-1.9.3/bin
PATH: /d/Program Files (x86)/Git/bin
PATH: /c/Program Files (x86)/Java/jdk1.7.0_45/bin
PATH: /usr/bin


## ----------- ##
## Core tests. ##
## ----------- ##

configure:2256: checking for a BSD-compatible install
configure:2324: result: /bin/install -c
configure:2335: checking whether build environment is sane
configure:2390: result: yes
configure:2541: checking for a thread-safe mkdir -p
configure:2580: result: /bin/mkdir -p
configure:2587: checking for gawk
configure:2603: found /bin/gawk
configure:2614: result: gawk
configure:2625: checking whether make sets $(MAKE)
configure:2647: result: yes
configure:2676: checking whether make supports nested variables
configure:2693: result: yes
configure:2788: checking whether make supports nested variables
configure:2805: result: yes
configure:2849: checking build system type
configure:2863: result: i686-pc-mingw32
configure:2883: checking host system type
configure:2896: result: i686-pc-mingw32
configure:2937: checking how to print strings
configure:2964: result: printf
configure:2997: checking for style of include used by make
configure:3025: result: GNU
configure:3096: checking for gcc
configure:3112: found /mingw/bin/gcc
configure:3123: result: gcc
configure:3352: checking for C compiler version
configure:3361: gcc --version >&5
gcc.exe (GCC) 4.8.1
Copyright (C) 2013 Free Software Foundation, Inc.
This is free software; see the source for copying conditions.  There is NO
warranty; not even for MERCHANTABILITY or FITNESS FOR A PARTICULAR PURPOSE.

configure:3372: $? = 0
configure:3361: gcc -v >&5
Using built-in specs.
COLLECT_GCC=c:\mingw\bin\gcc.exe
COLLECT_LTO_WRAPPER=c:/mingw/bin/../libexec/gcc/mingw32/4.8.1/lto-wrapper.exe
Target: mingw32
Configured with: ../gcc-4.8.1/configure --prefix=/mingw --host=mingw32 --build=mingw32 --without-pic --enable-shared --enable-static --with-gnu-ld --enable-lto --enable-libssp --disable-multilib --enable-languages=c,c++,fortran,objc,obj-c++,ada --disable-sjlj-exceptions --with-dwarf2 --disable-win32-registry --enable-libstdcxx-debug --enable-version-specific-runtime-libs --with-gmp=/usr/src/pkg/gmp-5.1.2-1-mingw32-src/bld --with-mpc=/usr/src/pkg/mpc-1.0.1-1-mingw32-src/bld --with-mpfr= --with-system-zlib --with-gnu-as --enable-decimal-float=yes --enable-libgomp --enable-threads --with-libiconv-prefix=/mingw32 --with-libintl-prefix=/mingw --disable-bootstrap LDFLAGS=-s CFLAGS=-D_USE_32BIT_TIME_T
Thread model: win32
gcc version 4.8.1 (GCC) 
configure:3372: $? = 0
configure:3361: gcc -V >&5
gcc.exe: error: unrecognized command line option '-V'
gcc.exe: fatal error: no input files
compilation terminated.
configure:3372: $? = 1
configure:3361: gcc -qversion >&5
gcc.exe: error: unrecognized command line option '-qversion'
gcc.exe: fatal error: no input files
compilation terminated.
configure:3372: $? = 1
configure:3392: checking whether the C compiler works
configure:3414: gcc    conftest.c  >&5
configure:3418: $? = 0
configure:3466: result: yes
configure:3469: checking for C compiler default output file name
configure:3471: result: a.exe
configure:3477: checking for suffix of executables
configure:3484: gcc -o conftest.exe    conftest.c  >&5
configure:3488: $? = 0
configure:3510: result: .exe
configure:3532: checking whether we are cross compiling
configure:3540: gcc -o conftest.exe    conftest.c  >&5
configure:3544: $? = 0
configure:3551: ./conftest.exe
configure:3555: $? = 0
configure:3570: result: no
configure:3575: checking for suffix of object files
configure:3597: gcc -c   conftest.c >&5
configure:3601: $? = 0
configure:3622: result: o
configure:3626: checking whether we are using the GNU C compiler
configure:3645: gcc -c   conftest.c >&5
configure:3645: $? = 0
configure:3654: result: yes
configure:3663: checking whether gcc accepts -g
configure:3683: gcc -c -g  conftest.c >&5
configure:3683: $? = 0
configure:3724: result: yes
configure:3741: checking for gcc option to accept ISO C89
configure:3804: gcc  -c -g -O2  conftest.c >&5
configure:3804: $? = 0
configure:3817: result: none needed
configure:3839: checking dependency style of gcc
configure:3950: result: gcc3
configure:3965: checking for a sed that does not truncate output
configure:4029: result: /bin/sed
configure:4047: checking for grep that handles long lines and -e
configure:4105: result: /bin/grep
configure:4110: checking for egrep
configure:4172: result: /bin/grep -E
configure:4177: checking for fgrep
configure:4239: result: /bin/grep -F
configure:4274: checking for ld used by gcc
configure:4341: result: c:/mingw/mingw32/bin/ld.exe
configure:4348: checking if the linker (c:/mingw/mingw32/bin/ld.exe) is GNU ld
configure:4363: result: yes
configure:4375: checking for BSD- or MS-compatible name lister (nm)
configure:4424: result: /mingw/bin/nm
configure:4554: checking the name lister (/mingw/bin/nm) interface
configure:4561: gcc -c -g -O2  conftest.c >&5
configure:4564: /mingw/bin/nm "conftest.o"
configure:4567: output
00000000 b .bss
00000000 d .data
00000000 N .debug_abbrev
00000000 N .debug_aranges
00000000 N .debug_info
00000000 N .debug_line
00000000 r .rdata$zzz
00000000 t .text
00000000 B _some_variable
configure:4574: result: BSD nm
configure:4577: checking whether ln -s works
configure:4584: result: no, using cp -pR
configure:4589: checking the maximum length of command line arguments
configure:4720: result: 8192
configure:4737: checking whether the shell understands some XSI constructs
configure:4747: result: yes
configure:4751: checking whether the shell understands "+="
configure:4757: result: yes
configure:4792: checking how to convert i686-pc-mingw32 file names to i686-pc-mingw32 format
configure:4832: result: func_convert_file_msys_to_w32
configure:4839: checking how to convert i686-pc-mingw32 file names to toolchain format
configure:4859: result: func_convert_file_msys_to_w32
configure:4866: checking for c:/mingw/mingw32/bin/ld.exe option to reload object files
configure:4873: result: -r
configure:4947: checking for objdump
configure:4963: found /mingw/bin/objdump
configure:4974: result: objdump
configure:5006: checking how to recognize dependent libraries
configure:5204: result: file_magic ^x86 archive import|^x86 DLL
configure:5289: checking for dlltool
configure:5305: found /mingw/bin/dlltool
configure:5316: result: dlltool
configure:5349: checking how to associate runtime and link libraries
configure:5376: result: func_cygming_dll_for_implib
configure:5437: checking for ar
configure:5453: found /mingw/bin/ar
configure:5464: result: ar
configure:5501: checking for archiver @FILE support
configure:5518: gcc -c -g -O2  conftest.c >&5
configure:5518: $? = 0
configure:5521: ar cru libconftest.a @conftest.lst >&5
configure:5524: $? = 0
configure:5529: ar cru libconftest.a @conftest.lst >&5
c:\mingw\bin\ar.exe: conftest.o: No such file or directory
configure:5532: $? = 1
configure:5544: result: @
configure:5602: checking for strip
configure:5618: found /mingw/bin/strip
configure:5629: result: strip
configure:5701: checking for ranlib
configure:5717: found /mingw/bin/ranlib
configure:5728: result: ranlib
configure:5830: checking command to parse /mingw/bin/nm output from gcc object
configure:5950: gcc -c -g -O2  conftest.c >&5
configure:5953: $? = 0
configure:5957: /mingw/bin/nm conftest.o \| sed -n -e 's/^.*[ ]\([ABCDGIRSTW][ABCDGIRSTW]*\)[ ][ ]*\([_A-Za-z][_A-Za-z0-9]*\)\{0,1\}$/\1 \2 \2/p' | sed '/ __gnu_lto/d' \> conftest.nm
configure:5960: $? = 0
cannot find nm_test_var in conftest.nm
configure:5950: gcc -c -g -O2  conftest.c >&5
configure:5953: $? = 0
configure:5957: /mingw/bin/nm conftest.o \| sed -n -e 's/^.*[ ]\([ABCDGIRSTW][ABCDGIRSTW]*\)[ ][ ]*_\([_A-Za-z][_A-Za-z0-9]*\)\{0,1\}$/\1 _\2 \2/p' | sed '/ __gnu_lto/d' \> conftest.nm
configure:5960: $? = 0
configure:6026: gcc -o conftest.exe -g -O2   conftest.c conftstm.o >&5
configure:6029: $? = 0
configure:6067: result: ok
configure:6104: checking for sysroot
configure:6134: result: no
configure:6397: checking for mt
configure:6427: result: no
configure:6447: checking if : is a manifest tool
configure:6453: : '-?'
configure:6461: result: no
configure:7103: checking how to run the C preprocessor
configure:7134: gcc -E  conftest.c
configure:7134: $? = 0
configure:7148: gcc -E  conftest.c
conftest.c:11:28: fatal error: ac_nonexistent.h: No such file or directory
 #include <ac_nonexistent.h>
                            ^
compilation terminated.
configure:7148: $? = 1
configure: failed program was:
| /* confdefs.h */
| #define PACKAGE_NAME "giflib"
| #define PACKAGE_TARNAME "giflib"
| #define PACKAGE_VERSION "5.0.6"
| #define PACKAGE_STRING "giflib 5.0.6"
| #define PACKAGE_BUGREPORT "esr@thyrsus.com"
| #define PACKAGE_URL ""
| #define PACKAGE "giflib"
| #define VERSION "5.0.6"
| /* end confdefs.h.  */
| #include <ac_nonexistent.h>
configure:7173: result: gcc -E
configure:7193: gcc -E  conftest.c
configure:7193: $? = 0
configure:7207: gcc -E  conftest.c
conftest.c:11:28: fatal error: ac_nonexistent.h: No such file or directory
 #include <ac_nonexistent.h>
                            ^
compilation terminated.
configure:7207: $? = 1
configure: failed program was:
| /* confdefs.h */
| #define PACKAGE_NAME "giflib"
| #define PACKAGE_TARNAME "giflib"
| #define PACKAGE_VERSION "5.0.6"
| #define PACKAGE_STRING "giflib 5.0.6"
| #define PACKAGE_BUGREPORT "esr@thyrsus.com"
| #define PACKAGE_URL ""
| #define PACKAGE "giflib"
| #define VERSION "5.0.6"
| /* end confdefs.h.  */
| #include <ac_nonexistent.h>
configure:7236: checking for ANSI C header files
configure:7256: gcc -c -g -O2  conftest.c >&5
configure:7256: $? = 0
configure:7329: gcc -o conftest.exe -g -O2   conftest.c  >&5
configure:7329: $? = 0
configure:7329: ./conftest.exe
configure:7329: $? = 0
configure:7340: result: yes
configure:7353: checking for sys/types.h
configure:7353: gcc -c -g -O2  conftest.c >&5
configure:7353: $? = 0
configure:7353: result: yes
configure:7353: checking for sys/stat.h
configure:7353: gcc -c -g -O2  conftest.c >&5
configure:7353: $? = 0
configure:7353: result: yes
configure:7353: checking for stdlib.h
configure:7353: gcc -c -g -O2  conftest.c >&5
configure:7353: $? = 0
configure:7353: result: yes
configure:7353: checking for string.h
configure:7353: gcc -c -g -O2  conftest.c >&5
configure:7353: $? = 0
configure:7353: result: yes
configure:7353: checking for memory.h
configure:7353: gcc -c -g -O2  conftest.c >&5
configure:7353: $? = 0
configure:7353: result: yes
configure:7353: checking for strings.h
configure:7353: gcc -c -g -O2  conftest.c >&5
configure:7353: $? = 0
configure:7353: result: yes
configure:7353: checking for inttypes.h
configure:7353: gcc -c -g -O2  conftest.c >&5
configure:7353: $? = 0
configure:7353: result: yes
configure:7353: checking for stdint.h
configure:7353: gcc -c -g -O2  conftest.c >&5
configure:7353: $? = 0
configure:7353: result: yes
configure:7353: checking for unistd.h
configure:7353: gcc -c -g -O2  conftest.c >&5
configure:7353: $? = 0
configure:7353: result: yes
configure:7367: checking for dlfcn.h
configure:7367: gcc -c -g -O2  conftest.c >&5
conftest.c:55:19: fatal error: dlfcn.h: No such file or directory
 #include <dlfcn.h>
                   ^
compilation terminated.
configure:7367: $? = 1
configure: failed program was:
| /* confdefs.h */
| #define PACKAGE_NAME "giflib"
| #define PACKAGE_TARNAME "giflib"
| #define PACKAGE_VERSION "5.0.6"
| #define PACKAGE_STRING "giflib 5.0.6"
| #define PACKAGE_BUGREPORT "esr@thyrsus.com"
| #define PACKAGE_URL ""
| #define PACKAGE "giflib"
| #define VERSION "5.0.6"
| #define STDC_HEADERS 1
| #define HAVE_SYS_TYPES_H 1
| #define HAVE_SYS_STAT_H 1
| #define HAVE_STDLIB_H 1
| #define HAVE_STRING_H 1
| #define HAVE_MEMORY_H 1
| #define HAVE_STRINGS_H 1
| #define HAVE_INTTYPES_H 1
| #define HAVE_STDINT_H 1
| #define HAVE_UNISTD_H 1
| /* end confdefs.h.  */
| #include <stdio.h>
| #ifdef HAVE_SYS_TYPES_H
| # include <sys/types.h>
| #endif
| #ifdef HAVE_SYS_STAT_H
| # include <sys/stat.h>
| #endif
| #ifdef STDC_HEADERS
| # include <stdlib.h>
| # include <stddef.h>
| #else
| # ifdef HAVE_STDLIB_H
| #  include <stdlib.h>
| # endif
| #endif
| #ifdef HAVE_STRING_H
| # if !defined STDC_HEADERS && defined HAVE_MEMORY_H
| #  include <memory.h>
| # endif
| # include <string.h>
| #endif
| #ifdef HAVE_STRINGS_H
| # include <strings.h>
| #endif
| #ifdef HAVE_INTTYPES_H
| # include <inttypes.h>
| #endif
| #ifdef HAVE_STDINT_H
| # include <stdint.h>
| #endif
| #ifdef HAVE_UNISTD_H
| # include <unistd.h>
| #endif
| 
| #include <dlfcn.h>
configure:7367: result: no
configure:7573: checking for objdir
configure:7588: result: .libs
configure:7859: checking if gcc supports -fno-rtti -fno-exceptions
configure:7877: gcc -c -g -O2  -fno-rtti -fno-exceptions conftest.c >&5
cc1.exe: warning: command line option '-fno-rtti' is valid for C++/ObjC++ but not for C [enabled by default]
configure:7881: $? = 0
configure:7894: result: no
configure:8221: checking for gcc option to produce PIC
configure:8228: result: -DDLL_EXPORT -DPIC
configure:8236: checking if gcc PIC flag -DDLL_EXPORT -DPIC works
configure:8254: gcc -c -g -O2  -DDLL_EXPORT -DPIC -DPIC conftest.c >&5
configure:8258: $? = 0
configure:8271: result: yes
configure:8300: checking if gcc static flag -static works
configure:8328: result: yes
configure:8343: checking if gcc supports -c -o file.o
configure:8364: gcc -c -g -O2  -o out/conftest2.o conftest.c >&5
configure:8368: $? = 0
configure:8390: result: yes
configure:8398: checking if gcc supports -c -o file.o
configure:8445: result: yes
configure:8478: checking whether the gcc linker (c:/mingw/mingw32/bin/ld.exe) supports shared libraries
configure:9635: result: yes
configure:9672: checking whether -lc should be explicitly linked in
configure:9680: gcc -c -g -O2  conftest.c >&5
configure:9683: $? = 0
configure:9698: gcc -shared conftest.o  -v -o ./conftest -Wl,--enable-auto-image-base -Xlinker --out-implib -Xlinker conftest 2\>\&1 \| /bin/grep  -lc  \>/dev/null 2\>\&1
configure:9701: $? = 1
configure:9715: result: yes
configure:9875: checking dynamic linker characteristics
configure:10609: result: Win32 ld.exe
configure:10716: checking how to hardcode library paths into programs
configure:10741: result: immediate
configure:11281: checking whether stripping libraries is possible
configure:11286: result: yes
configure:11321: checking if libtool supports shared libraries
configure:11323: result: yes
configure:11326: checking whether to build shared libraries
configure:11347: result: yes
configure:11350: checking whether to build static libraries
configure:11354: result: yes
configure:11439: checking for gcc
configure:11466: result: gcc
configure:11695: checking for C compiler version
configure:11704: gcc --version >&5
gcc.exe (GCC) 4.8.1
Copyright (C) 2013 Free Software Foundation, Inc.
This is free software; see the source for copying conditions.  There is NO
warranty; not even for MERCHANTABILITY or FITNESS FOR A PARTICULAR PURPOSE.

configure:11715: $? = 0
configure:11704: gcc -v >&5
Using built-in specs.
COLLECT_GCC=c:\mingw\bin\gcc.exe
COLLECT_LTO_WRAPPER=c:/mingw/bin/../libexec/gcc/mingw32/4.8.1/lto-wrapper.exe
Target: mingw32
Configured with: ../gcc-4.8.1/configure --prefix=/mingw --host=mingw32 --build=mingw32 --without-pic --enable-shared --enable-static --with-gnu-ld --enable-lto --enable-libssp --disable-multilib --enable-languages=c,c++,fortran,objc,obj-c++,ada --disable-sjlj-exceptions --with-dwarf2 --disable-win32-registry --enable-libstdcxx-debug --enable-version-specific-runtime-libs --with-gmp=/usr/src/pkg/gmp-5.1.2-1-mingw32-src/bld --with-mpc=/usr/src/pkg/mpc-1.0.1-1-mingw32-src/bld --with-mpfr= --with-system-zlib --with-gnu-as --enable-decimal-float=yes --enable-libgomp --enable-threads --with-libiconv-prefix=/mingw32 --with-libintl-prefix=/mingw --disable-bootstrap LDFLAGS=-s CFLAGS=-D_USE_32BIT_TIME_T
Thread model: win32
gcc version 4.8.1 (GCC) 
configure:11715: $? = 0
configure:11704: gcc -V >&5
gcc.exe: error: unrecognized command line option '-V'
gcc.exe: fatal error: no input files
compilation terminated.
configure:11715: $? = 1
configure:11704: gcc -qversion >&5
gcc.exe: error: unrecognized command line option '-qversion'
gcc.exe: fatal error: no input files
compilation terminated.
configure:11715: $? = 1
configure:11719: checking whether we are using the GNU C compiler
configure:11747: result: yes
configure:11756: checking whether gcc accepts -g
configure:11817: result: yes
configure:11834: checking for gcc option to accept ISO C89
configure:11910: result: none needed
configure:11932: checking dependency style of gcc
configure:12043: result: gcc3
configure:12063: checking how to run the C preprocessor
configure:12133: result: gcc -E
configure:12153: gcc -E  conftest.c
configure:12153: $? = 0
configure:12167: gcc -E  conftest.c
conftest.c:22:28: fatal error: ac_nonexistent.h: No such file or directory
 #include <ac_nonexistent.h>
                            ^
compilation terminated.
configure:12167: $? = 1
configure: failed program was:
| /* confdefs.h */
| #define PACKAGE_NAME "giflib"
| #define PACKAGE_TARNAME "giflib"
| #define PACKAGE_VERSION "5.0.6"
| #define PACKAGE_STRING "giflib 5.0.6"
| #define PACKAGE_BUGREPORT "esr@thyrsus.com"
| #define PACKAGE_URL ""
| #define PACKAGE "giflib"
| #define VERSION "5.0.6"
| #define STDC_HEADERS 1
| #define HAVE_SYS_TYPES_H 1
| #define HAVE_SYS_STAT_H 1
| #define HAVE_STDLIB_H 1
| #define HAVE_STRING_H 1
| #define HAVE_MEMORY_H 1
| #define HAVE_STRINGS_H 1
| #define HAVE_INTTYPES_H 1
| #define HAVE_STDINT_H 1
| #define HAVE_UNISTD_H 1
| #define LT_OBJDIR ".libs/"
| /* end confdefs.h.  */
| #include <ac_nonexistent.h>
configure:12196: checking whether ln -s works
configure:12203: result: no, using cp -pR
configure:12207: checking whether make sets $(MAKE)
configure:12229: result: yes
configure:12239: checking whether gcc and cc understand -c and -o together
configure:12270: gcc -c conftest.c -o conftest2.o >&5
configure:12274: $? = 0
configure:12280: gcc -c conftest.c -o conftest2.o >&5
configure:12284: $? = 0
configure:12295: cc -c conftest.c >&5
configure:12299: $? = 0
configure:12307: cc -c conftest.c -o conftest2.o >&5
configure:12311: $? = 0
configure:12317: cc -c conftest.c -o conftest2.o >&5
configure:12321: $? = 0
configure:12339: result: yes
configure:12367: checking for xmlto
configure:12395: result: no
configure:12421: checking limits.h usability
configure:12421: gcc -c -g -O2 -Wall  conftest.c >&5
configure:12421: $? = 0
configure:12421: result: yes
configure:12421: checking limits.h presence
configure:12421: gcc -E  conftest.c
configure:12421: $? = 0
configure:12421: result: yes
configure:12421: checking for limits.h
configure:12421: result: yes
configure:12435: checking fcntl.h usability
configure:12435: gcc -c -g -O2 -Wall  conftest.c >&5
configure:12435: $? = 0
configure:12435: result: yes
configure:12435: checking fcntl.h presence
configure:12435: gcc -E  conftest.c
configure:12435: $? = 0
configure:12435: result: yes
configure:12435: checking for fcntl.h
configure:12435: result: yes
configure:12449: checking for stdint.h
configure:12449: result: yes
configure:12463: checking stdarg.h usability
configure:12463: gcc -c -g -O2 -Wall  conftest.c >&5
configure:12463: $? = 0
configure:12463: result: yes
configure:12463: checking stdarg.h presence
configure:12463: gcc -E  conftest.c
configure:12463: $? = 0
configure:12463: result: yes
configure:12463: checking for stdarg.h
configure:12463: result: yes
configure:12586: checking that generated files are newer than configure
configure:12592: result: done
configure:12623: creating ./config.status

## ---------------------- ##
## Running config.status. ##
## ---------------------- ##

This file was extended by giflib config.status 5.0.6, which was
generated by GNU Autoconf 2.69.  Invocation command line was

  CONFIG_FILES    = 
  CONFIG_HEADERS  = 
  CONFIG_LINKS    = 
  CONFIG_COMMANDS = 
  $ ./config.status 

on someguy-PC

config.status:1104: creating util/Makefile
config.status:1104: creating lib/Makefile
config.status:1104: creating Makefile
config.status:1104: creating doc/Makefile
config.status:1104: creating pic/Makefile
config.status:1104: creating config.h
config.status:1333: executing depfiles commands
config.status:1333: executing libtool commands

## ---------------- ##
## Cache variables. ##
## ---------------- ##

ac_cv_build=i686-pc-mingw32
ac_cv_c_compiler_gnu=yes
ac_cv_env_CC_set=
ac_cv_env_CC_value=
ac_cv_env_CFLAGS_set=
ac_cv_env_CFLAGS_value=
ac_cv_env_CPPFLAGS_set=
ac_cv_env_CPPFLAGS_value=
ac_cv_env_CPP_set=
ac_cv_env_CPP_value=
ac_cv_env_LDFLAGS_set=
ac_cv_env_LDFLAGS_value=
ac_cv_env_LIBS_set=
ac_cv_env_LIBS_value=
ac_cv_env_build_alias_set=
ac_cv_env_build_alias_value=
ac_cv_env_host_alias_set=
ac_cv_env_host_alias_value=
ac_cv_env_target_alias_set=
ac_cv_env_target_alias_value=
ac_cv_exeext=.exe
ac_cv_header_dlfcn_h=no
ac_cv_header_fcntl_h=yes
ac_cv_header_inttypes_h=yes
ac_cv_header_limits_h=yes
ac_cv_header_memory_h=yes
ac_cv_header_stdarg_h=yes
ac_cv_header_stdc=yes
ac_cv_header_stdint_h=yes
ac_cv_header_stdlib_h=yes
ac_cv_header_string_h=yes
ac_cv_header_strings_h=yes
ac_cv_header_sys_stat_h=yes
ac_cv_header_sys_types_h=yes
ac_cv_header_unistd_h=yes
ac_cv_host=i686-pc-mingw32
ac_cv_objext=o
ac_cv_path_EGREP='/bin/grep -E'
ac_cv_path_FGREP='/bin/grep -F'
ac_cv_path_GREP=/bin/grep
ac_cv_path_SED=/bin/sed
ac_cv_path_install='/bin/install -c'
ac_cv_path_mkdir=/bin/mkdir
ac_cv_prog_AWK=gawk
ac_cv_prog_CPP='gcc -E'
ac_cv_prog_ac_ct_AR=ar
ac_cv_prog_ac_ct_CC=gcc
ac_cv_prog_ac_ct_DLLTOOL=dlltool
ac_cv_prog_ac_ct_OBJDUMP=objdump
ac_cv_prog_ac_ct_RANLIB=ranlib
ac_cv_prog_ac_ct_STRIP=strip
ac_cv_prog_cc_c89=
ac_cv_prog_cc_g=yes
ac_cv_prog_cc_gcc_c_o=yes
ac_cv_prog_have_xmlto=no
ac_cv_prog_make_make_set=yes
am_cv_CC_dependencies_compiler_type=gcc3
am_cv_make_support_nested_variables=yes
lt_cv_ar_at_file=@
lt_cv_archive_cmds_need_lc=yes
lt_cv_deplibs_check_method='file_magic ^x86 archive import|^x86 DLL'
lt_cv_file_magic_cmd=func_win32_libid
lt_cv_file_magic_test_file=
lt_cv_ld_reload_flag=-r
lt_cv_nm_interface='BSD nm'
lt_cv_objdir=.libs
lt_cv_path_LD=c:/mingw/mingw32/bin/ld.exe
lt_cv_path_NM=/mingw/bin/nm
lt_cv_path_mainfest_tool=no
lt_cv_prog_compiler_c_o=yes
lt_cv_prog_compiler_pic='-DDLL_EXPORT -DPIC'
lt_cv_prog_compiler_pic_works=yes
lt_cv_prog_compiler_rtti_exceptions=no
lt_cv_prog_compiler_static_works=yes
lt_cv_prog_gnu_ld=yes
lt_cv_sharedlib_from_linklib_cmd=func_cygming_dll_for_implib
lt_cv_sys_global_symbol_pipe='sed -n -e '\''s/^.*[	 ]\([ABCDGIRSTW][ABCDGIRSTW]*\)[	 ][	 ]*_\([_A-Za-z][_A-Za-z0-9]*\)\{0,1\}$/\1 _\2 \2/p'\'' | sed '\''/ __gnu_lto/d'\'''
lt_cv_sys_global_symbol_to_c_name_address='sed -n -e '\''s/^: \([^ ]*\)[ ]*$/  {\"\1\", (void *) 0},/p'\'' -e '\''s/^[ABCDGIRSTW]* \([^ ]*\) \([^ ]*\)$/  {"\2", (void *) \&\2},/p'\'''
lt_cv_sys_global_symbol_to_c_name_address_lib_prefix='sed -n -e '\''s/^: \([^ ]*\)[ ]*$/  {\"\1\", (void *) 0},/p'\'' -e '\''s/^[ABCDGIRSTW]* \([^ ]*\) \(lib[^ ]*\)$/  {"\2", (void *) \&\2},/p'\'' -e '\''s/^[ABCDGIRSTW]* \([^ ]*\) \([^ ]*\)$/  {"lib\2", (void *) \&\2},/p'\'''
lt_cv_sys_global_symbol_to_cdecl='sed -n -e '\''s/^T .* \(.*\)$/extern int \1();/p'\'' -e '\''s/^[ABCDGIRSTW]* .* \(.*\)$/extern char \1;/p'\'''
lt_cv_sys_max_cmd_len=8192
lt_cv_to_host_file_cmd=func_convert_file_msys_to_w32
lt_cv_to_tool_file_cmd=func_convert_file_msys_to_w32

## ----------------- ##
## Output variables. ##
## ----------------- ##

ACLOCAL='${SHELL} /d/projects/giflib-5.0.6/missing aclocal-1.13'
AMDEPBACKSLASH='\'
AMDEP_FALSE='#'
AMDEP_TRUE=''
AMTAR='$${TAR-tar}'
AM_BACKSLASH='\'
AM_DEFAULT_V='$(AM_DEFAULT_VERBOSITY)'
AM_DEFAULT_VERBOSITY='0'
AM_V='$(V)'
AR='ar'
AUTOCONF='${SHELL} /d/projects/giflib-5.0.6/missing autoconf'
AUTOHEADER='${SHELL} /d/projects/giflib-5.0.6/missing autoheader'
AUTOMAKE='${SHELL} /d/projects/giflib-5.0.6/missing automake-1.13'
AWK='gawk'
BUILD_DOC_FALSE=''
BUILD_DOC_TRUE='#'
CC='gcc'
CCDEPMODE='depmode=gcc3'
CFLAGS='-g -O2 -Wall'
CPP='gcc -E'
CPPFLAGS=''
CYGPATH_W='echo'
DEFS='-DHAVE_CONFIG_H'
DEPDIR='.deps'
DLLTOOL='dlltool'
DSYMUTIL=''
DUMPBIN=''
ECHO_C=''
ECHO_N='-n'
ECHO_T=''
EGREP='/bin/grep -E'
EXEEXT='.exe'
FGREP='/bin/grep -F'
GREP='/bin/grep'
INSTALL_DATA='${INSTALL} -m 644'
INSTALL_PROGRAM='${INSTALL}'
INSTALL_SCRIPT='${INSTALL}'
INSTALL_STRIP_PROGRAM='$(install_sh) -c -s'
LD='c:/mingw/mingw32/bin/ld.exe'
LDFLAGS=''
LIBOBJS=''
LIBS=''
LIBTOOL='$(SHELL) $(top_builddir)/libtool'
LIPO=''
LN_S='cp -pR'
LTLIBOBJS=''
MAKEINFO='${SHELL} /d/projects/giflib-5.0.6/missing makeinfo'
MANIFEST_TOOL=':'
MKDIR_P='/bin/mkdir -p'
NM='/mingw/bin/nm'
NMEDIT=''
OBJDUMP='objdump'
OBJEXT='o'
OTOOL64=''
OTOOL=''
PACKAGE='giflib'
PACKAGE_BUGREPORT='esr@thyrsus.com'
PACKAGE_NAME='giflib'
PACKAGE_STRING='giflib 5.0.6'
PACKAGE_TARNAME='giflib'
PACKAGE_URL=''
PACKAGE_VERSION='5.0.6'
PATH_SEPARATOR=':'
RANLIB='ranlib'
SED='/bin/sed'
SET_MAKE=''
SHELL='/bin/sh'
SHLIBVERSION='6:1:0'
STRIP='strip'
VERSION='5.0.6'
ac_ct_AR='ar'
ac_ct_CC='gcc'
ac_ct_DUMPBIN=''
am__EXEEXT_FALSE='#'
am__EXEEXT_TRUE=''
am__fastdepCC_FALSE='#'
am__fastdepCC_TRUE=''
am__include='include'
am__isrc=''
am__leading_dot='.'
am__nodep='_no'
am__quote=''
am__tar='$${TAR-tar} chof - "$$tardir"'
am__untar='$${TAR-tar} xf -'
bindir='${exec_prefix}/bin'
build='i686-pc-mingw32'
build_alias=''
build_cpu='i686'
build_os='mingw32'
build_vendor='pc'
datadir='${datarootdir}'
datarootdir='${prefix}/share'
docdir='${datarootdir}/doc/${PACKAGE_TARNAME}'
dvidir='${docdir}'
exec_prefix='${prefix}'
have_xmlto='no'
host='i686-pc-mingw32'
host_alias=''
host_cpu='i686'
host_os='mingw32'
host_vendor='pc'
htmldir='${docdir}'
includedir='${prefix}/include'
infodir='${datarootdir}/info'
install_sh='${SHELL} /d/projects/giflib-5.0.6/install-sh'
libdir='${exec_prefix}/lib'
libexecdir='${exec_prefix}/libexec'
localedir='${datarootdir}/locale'
localstatedir='${prefix}/var'
mandir='${datarootdir}/man'
mkdir_p='$(MKDIR_P)'
oldincludedir='/usr/include'
pdfdir='${docdir}'
prefix='/usr/local'
program_transform_name='s,x,x,'
psdir='${docdir}'
sbindir='${exec_prefix}/sbin'
sharedstatedir='${prefix}/com'
sysconfdir='${prefix}/etc'
target_alias=''

## ----------- ##
## confdefs.h. ##
## ----------- ##

/* confdefs.h */
#define PACKAGE_NAME "giflib"
#define PACKAGE_TARNAME "giflib"
#define PACKAGE_VERSION "5.0.6"
#define PACKAGE_STRING "giflib 5.0.6"
#define PACKAGE_BUGREPORT "esr@thyrsus.com"
#define PACKAGE_URL ""
#define PACKAGE "giflib"
#define VERSION "5.0.6"
#define STDC_HEADERS 1
#define HAVE_SYS_TYPES_H 1
#define HAVE_SYS_STAT_H 1
#define HAVE_STDLIB_H 1
#define HAVE_STRING_H 1
#define HAVE_MEMORY_H 1
#define HAVE_STRINGS_H 1
#define HAVE_INTTYPES_H 1
#define HAVE_STDINT_H 1
#define HAVE_UNISTD_H 1
#define LT_OBJDIR ".libs/"
#define HAVE_LIMITS_H 1
#define HAVE_FCNTL_H 1
#define HAVE_STDINT_H 1
#define HAVE_STDARG_H 1

configure: exit 0
